<?xml version="1.0" encoding="UTF-8"?>
<!-- Generated by org.testng.reporters.JUnitReportReporter -->
<testsuite hostname="dbdbaafaeeffaccacaeefddadedebfeeccfcae-0" failures="0" tests="4" name="testcases.Testcase1" time="44.286" errors="0" timestamp="2023-08-18T12:05:07 UTC" skipped="0">
  <testcase classname="testcases.Testcase1" name="addLowCostGiftCard" time="9.524"/>
  <testcase classname="testcases.Testcase1" name="TestCheckButton" time="10.273"/>
  <testcase classname="testcases.Testcase1" name="TestCheckout" time="17.576"/>
  <testcase classname="testcases.Testcase1" name="Booksearch" time="6.913"/>
</testsuite> <!-- testcases.Testcase1 -->
