<?xml version="1.0" encoding="UTF-8"?>
<!-- Generated by org.testng.reporters.JUnitReportReporter -->
<testsuite hostname="dbdbaafaeeffaccacaeefddadedebfeeccfcae-0" failures="0" tests="4" name="testcases.Testcase1" time="33.662" errors="0" timestamp="2023-08-18T13:15:30 UTC" skipped="0">
  <testcase classname="testcases.Testcase1" name="addLowCostGiftCard" time="6.951"/>
  <testcase classname="testcases.Testcase1" name="TestCheckButton" time="7.676"/>
  <testcase classname="testcases.Testcase1" name="TestCheckout" time="14.546"/>
  <testcase classname="testcases.Testcase1" name="Booksearch" time="4.489"/>
</testsuite> <!-- testcases.Testcase1 -->
