<?xml version="1.0" encoding="UTF-8"?>
<!-- Generated by org.testng.reporters.JUnitReportReporter -->
<testsuite hostname="dbdbaafaeeffaccacaeefddadedebfeeccfcae-0" failures="0" tests="3" name="testcases.Testcase1" time="40.736" errors="0" timestamp="2023-08-18T05:45:48 UTC" skipped="0">
  <testcase classname="testcases.Testcase1" name="TestTodaysDeal" time="7.854"/>
  <testcase classname="testcases.Testcase1" name="TestProductClick" time="13.884"/>
  <testcase classname="testcases.Testcase1" name="AddCartTest" time="18.998"/>
</testsuite> <!-- testcases.Testcase1 -->
