<?xml version="1.0" encoding="UTF-8"?>
<!-- Generated by org.testng.reporters.JUnitReportReporter -->
<testsuite hostname="dbdbaafaeeffaccacaeefddadedebfeeccfcae-0" failures="0" tests="4" name="testcases.Testcase1" time="44.798" errors="0" timestamp="2023-08-18T12:50:00 UTC" skipped="0">
  <testcase classname="testcases.Testcase1" name="addLowCostGiftCard" time="8.951"/>
  <testcase classname="testcases.Testcase1" name="TestCheckButton" time="10.345"/>
  <testcase classname="testcases.Testcase1" name="TestCheckout" time="20.242"/>
  <testcase classname="testcases.Testcase1" name="Booksearch" time="5.260"/>
</testsuite> <!-- testcases.Testcase1 -->
