<?xml version="1.0" encoding="UTF-8"?>
<!-- Generated by org.testng.reporters.JUnitReportReporter -->
<testsuite hostname="dbdbaafaeeffaccacaeefddadedebfeeccfcae-0" failures="0" tests="3" name="testcases.Testcase1" time="43.213" errors="0" timestamp="2023-08-18T05:52:01 UTC" skipped="0">
  <testcase classname="testcases.Testcase1" name="TestTodaysDeal" time="9.496"/>
  <testcase classname="testcases.Testcase1" name="TestProductClick" time="9.842"/>
  <testcase classname="testcases.Testcase1" name="AddCartTest" time="23.875"/>
</testsuite> <!-- testcases.Testcase1 -->
