<?xml version="1.0" encoding="UTF-8"?>
<!-- Generated by org.testng.reporters.JUnitReportReporter -->
<testsuite hostname="dbdbaafaeeffaccacaeefddadedebfeeccfcae-0" failures="0" tests="4" name="testcases.Testcase1" time="48.902" errors="0" timestamp="2023-08-18T11:53:01 UTC" skipped="0">
  <testcase classname="testcases.Testcase1" name="addLowCostGiftCard" time="10.910"/>
  <testcase classname="testcases.Testcase1" name="TestCheckButton" time="11.088"/>
  <testcase classname="testcases.Testcase1" name="TestCheckout" time="19.694"/>
  <testcase classname="testcases.Testcase1" name="Booksearch" time="7.210"/>
</testsuite> <!-- testcases.Testcase1 -->
