<?xml version="1.0" encoding="UTF-8"?>
<!-- Generated by org.testng.reporters.JUnitReportReporter -->
<testsuite hostname="dbdbaafaeeffaccacaeefddadedebfeeccfcae-0" failures="0" tests="4" name="testcases.Testcase1" time="35.519" errors="0" timestamp="2023-08-18T13:40:39 UTC" skipped="0">
  <testcase classname="testcases.Testcase1" name="addLowCostGiftCard" time="8.361"/>
  <testcase classname="testcases.Testcase1" name="TestCheckButton" time="9.481"/>
  <testcase classname="testcases.Testcase1" name="TestCheckout" time="13.290"/>
  <testcase classname="testcases.Testcase1" name="Booksearch" time="4.387"/>
</testsuite> <!-- testcases.Testcase1 -->
