<?xml version="1.0" encoding="UTF-8"?>
<!-- Generated by org.testng.reporters.JUnitReportReporter -->
<testsuite hostname="dbdbaafaeeffaccacaeefddadedebfeeccfcae-0" failures="0" tests="4" name="testcases.Testcase1" time="44.340" errors="0" timestamp="2023-08-18T12:55:08 UTC" skipped="0">
  <testcase classname="testcases.Testcase1" name="addLowCostGiftCard" time="9.159"/>
  <testcase classname="testcases.Testcase1" name="TestCheckButton" time="9.877"/>
  <testcase classname="testcases.Testcase1" name="TestCheckout" time="19.587"/>
  <testcase classname="testcases.Testcase1" name="Booksearch" time="5.717"/>
</testsuite> <!-- testcases.Testcase1 -->
