<?xml version="1.0" encoding="UTF-8"?>
<!-- Generated by org.testng.reporters.JUnitReportReporter -->
<testsuite hostname="dbdbaafaeeffaccacaeefddadedebfeeccfcae-0" failures="0" tests="4" name="testcases.Testcase1" time="34.218" errors="0" timestamp="2023-08-18T13:06:55 UTC" skipped="0">
  <testcase classname="testcases.Testcase1" name="addLowCostGiftCard" time="7.557"/>
  <testcase classname="testcases.Testcase1" name="TestCheckButton" time="9.433"/>
  <testcase classname="testcases.Testcase1" name="TestCheckout" time="12.961"/>
  <testcase classname="testcases.Testcase1" name="Booksearch" time="4.267"/>
</testsuite> <!-- testcases.Testcase1 -->
