<?xml version="1.0" encoding="UTF-8"?>
<!-- Generated by org.testng.reporters.JUnitReportReporter -->
<testsuite hostname="dbdbaafaeeffaccacaeefddadedebfeeccfcae-0" failures="0" tests="4" name="testcases.Testcase1" time="46.647" errors="0" timestamp="2023-08-18T12:01:52 UTC" skipped="0">
  <testcase classname="testcases.Testcase1" name="addLowCostGiftCard" time="9.849"/>
  <testcase classname="testcases.Testcase1" name="TestCheckButton" time="10.645"/>
  <testcase classname="testcases.Testcase1" name="TestCheckout" time="19.584"/>
  <testcase classname="testcases.Testcase1" name="Booksearch" time="6.569"/>
</testsuite> <!-- testcases.Testcase1 -->
