<?xml version="1.0" encoding="UTF-8"?>
<!-- Generated by org.testng.reporters.JUnitReportReporter -->
<testsuite hostname="dbdbaafaeeffaccacaeefddadedebfeeccfcae-0" failures="0" tests="4" name="testcases.Testcase1" time="34.265" errors="0" timestamp="2023-08-18T13:31:44 UTC" skipped="0">
  <testcase classname="testcases.Testcase1" name="addLowCostGiftCard" time="8.707"/>
  <testcase classname="testcases.Testcase1" name="TestCheckButton" time="7.620"/>
  <testcase classname="testcases.Testcase1" name="TestCheckout" time="13.163"/>
  <testcase classname="testcases.Testcase1" name="Booksearch" time="4.775"/>
</testsuite> <!-- testcases.Testcase1 -->
