<?xml version="1.0" encoding="UTF-8"?>
<!-- Generated by org.testng.reporters.JUnitReportReporter -->
<testsuite hostname="dbdbaafaeeffaccacaeefddadedebfeeccfcae-0" failures="0" tests="3" name="testcases.Testcase1" time="49.944" errors="0" timestamp="2023-08-18T09:24:23 UTC" skipped="0">
  <testcase classname="testcases.Testcase1" name="TestTodaysDeal" time="14.906"/>
  <testcase classname="testcases.Testcase1" name="TestProductClick" time="12.591"/>
  <testcase classname="testcases.Testcase1" name="AddCartTest" time="22.447"/>
</testsuite> <!-- testcases.Testcase1 -->
