<?xml version="1.0" encoding="UTF-8"?>
<!-- Generated by org.testng.reporters.JUnitReportReporter -->
<testsuite hostname="dbdbaafaeeffaccacaeefddadedebfeeccfcae-0" failures="0" tests="1" name="testcases.Testcase1" time="13.896" errors="0" timestamp="2023-08-18T09:43:27 UTC" skipped="0">
  <testcase classname="testcases.Testcase1" name="TestTodaysDeal" time="13.896"/>
</testsuite> <!-- testcases.Testcase1 -->
