<?xml version="1.0" encoding="UTF-8"?>
<!-- Generated by org.testng.reporters.JUnitReportReporter -->
<testsuite hostname="dbdbaafaeeffaccacaeefddadedebfeeccfcae-0" failures="0" tests="3" name="testcases.Testcase1" time="42.143" errors="0" timestamp="2023-08-18T06:08:20 UTC" skipped="0">
  <testcase classname="testcases.Testcase1" name="TestTodaysDeal" time="7.950"/>
  <testcase classname="testcases.Testcase1" name="TestProductClick" time="11.661"/>
  <testcase classname="testcases.Testcase1" name="AddCartTest" time="22.532"/>
</testsuite> <!-- testcases.Testcase1 -->
