<?xml version="1.0" encoding="UTF-8"?>
<!-- Generated by org.testng.reporters.JUnitReportReporter -->
<testsuite hostname="dbdbaafaeeffaccacaeefddadedebfeeccfcae-0" failures="0" tests="4" name="testcases.Testcase1" time="50.100" errors="0" timestamp="2023-08-18T12:21:30 UTC" skipped="0">
  <testcase classname="testcases.Testcase1" name="addLowCostGiftCard" time="9.144"/>
  <testcase classname="testcases.Testcase1" name="TestCheckButton" time="13.045"/>
  <testcase classname="testcases.Testcase1" name="TestCheckout" time="19.989"/>
  <testcase classname="testcases.Testcase1" name="Booksearch" time="7.922"/>
</testsuite> <!-- testcases.Testcase1 -->
